<?xml version="1.0" encoding="UTF-8"?>
<!-- Generated by org.testng.reporters.JUnitReportReporter -->
<testsuite hostname="DESKTOP-AEI6VM2" failures="0" tests="1" name="com.automation.UserRegistrationOne" time="21.207" errors="0" timestamp="2021-06-10T22:49:20 BDT" skipped="0">
  <testcase classname="com.automation.UserRegistrationOne" name="Test" time="21.207"/>
  <system-out/>
</testsuite> <!-- com.automation.UserRegistrationOne -->
