<?xml version="1.0" encoding="UTF-8"?>
<!-- Generated by org.testng.reporters.JUnitReportReporter -->
<testsuite hostname="DESKTOP-AEI6VM2" failures="0" tests="1" name="com.automation.BulkSMSAutomation" time="5.259" errors="0" timestamp="2021-06-18T08:41:24 BDT" skipped="0">
  <testcase classname="com.automation.BulkSMSAutomation" name="Test" time="5.259"/>
  <system-out/>
</testsuite> <!-- com.automation.BulkSMSAutomation -->
