<?xml version="1.0" encoding="UTF-8"?>
<!-- Generated by org.testng.reporters.JUnitReportReporter -->
<testsuite hostname="DESKTOP-AEI6VM2" failures="0" tests="1" name="com.automation.BulkSMSTest" time="30.388" errors="0" timestamp="2021-06-10T22:51:40 BDT" skipped="0">
  <testcase classname="com.automation.BulkSMSTest" name="Test" time="30.388"/>
  <system-out/>
</testsuite> <!-- com.automation.BulkSMSTest -->
