<?xml version="1.0" encoding="UTF-8"?>
<!-- Generated by org.testng.reporters.JUnitReportReporter -->
<testsuite hostname="DESKTOP-AEI6VM2" failures="0" tests="1" name="com.automation.SmartMedTest" time="61.666" errors="0" timestamp="2021-07-06T23:10:37 BDT" skipped="0">
  <testcase classname="com.automation.SmartMedTest" name="TestSmartMed" time="61.666"/>
  <system-out/>
</testsuite> <!-- com.automation.SmartMedTest -->
